#
# There is insufficient memory for the Java Runtime Environment to continue.
# Native memory allocation (malloc) failed to allocate 1048576 bytes for AllocateHeap
# Possible reasons:
#   The system is out of physical RAM or swap space
#   The process is running with CompressedOops enabled, and the Java Heap may be blocking the growth of the native heap
# Possible solutions:
#   Reduce memory load on the system
#   Increase physical memory or swap space
#   Check if swap backing store is full
#   Decrease Java heap size (-Xmx/-Xms)
#   Decrease number of Java threads
#   Decrease Java thread stack sizes (-Xss)
#   Set larger code cache with -XX:ReservedCodeCacheSize=
#   JVM is running with Unscaled Compressed Oops mode in which the Java heap is
#     placed in the first 4GB address space. The Java Heap base address is the
#     maximum limit for the native heap growth. Please use -XX:HeapBaseMinAddress
#     to set the Java Heap base and to place the Java Heap above 4GB virtual address.
# This output file may be truncated or incomplete.
#
#  Out of Memory Error (allocation.cpp:44), pid=20196, tid=1672
#
# JRE version:  (17.0.6) (build )
# Java VM: OpenJDK 64-Bit Server VM (17.0.6+0-b2043.56-10027231, mixed mode, sharing, tiered, compressed oops, compressed class ptrs, g1 gc, windows-amd64)
# No core dump will be written. Minidumps are not enabled by default on client versions of Windows
#

---------------  S U M M A R Y ------------

Command Line: git4idea.http.GitAskPassApp Username for 'https://github.com': 

Host: 11th Gen Intel(R) Core(TM) i5-1135G7 @ 2.40GHz, 8 cores, 15G,  Windows 10 , 64 bit Build 19041 (10.0.19041.3570)
Time: Fri Nov 10 15:09:59 2023 RTZ 2 (s 10 , 64 bit Build 19041 (10.0.19041.3570) elapsed time: 0.012750 seconds (0d 0h 0m 0s)

---------------  T H R E A D  ---------------

Current thread (0x000001ee6ce2e710):  JavaThread "Unknown thread" [_thread_in_vm, id=1672, stack(0x000000ea22a00000,0x000000ea22b00000)]

Stack: [0x000000ea22a00000,0x000000ea22b00000]
Native frames: (J=compiled Java code, j=interpreted, Vv=VM code, C=native code)
V  [jvm.dll+0x683c9a]
V  [jvm.dll+0x8427a4]
V  [jvm.dll+0x843f9e]
V  [jvm.dll+0x844603]
V  [jvm.dll+0x249b75]
V  [jvm.dll+0xa641f]
V  [jvm.dll+0x2db8c4]
V  [jvm.dll+0x81405c]
V  [jvm.dll+0x36e6a1]
V  [jvm.dll+0x7f35cc]
V  [jvm.dll+0x3f0e8f]
V  [jvm.dll+0x3f29d1]
C  [jli.dll+0x526b]
C  [ucrtbase.dll+0x21bb2]
C  [KERNEL32.DLL+0x17344]
C  [ntdll.dll+0x526b1]


---------------  P R O C E S S  ---------------

Threads class SMR info:
_java_thread_list=0x00007ff9600ac058, length=0, elements={
}

Java Threads: ( => current thread )

Other Threads:

=>0x000001ee6ce2e710 (exited) JavaThread "Unknown thread" [_thread_in_vm, id=1672, stack(0x000000ea22a00000,0x000000ea22b00000)]

Threads with active compile tasks:

VM state: not at safepoint (not fully initialized)

VM Mutex/Monitor currently owned by a thread: None

Heap address: 0x0000000000000000, size: 0 MB, Compressed Oops mode: 32-bit

CDS archive(s) mapped at: [0x0000000000000000-0x0000000000000000-0x0000000000000000), size 0, SharedBaseAddress: 0x0000000800000000, ArchiveRelocationMode: 0.
Narrow klass base: 0x0000000000000000, Narrow klass shift: 0, Narrow klass range: 0x0

GC Precious Log:
<Empty>

GC Heap History (0 events):
No events

Dll operation events (1 events):
Event: 0.007 Loaded shared library C:\Program Files\Android\Android Studio\jbr\bin\java.dll

Deoptimization events (0 events):
No events

Classes unloaded (0 events):
No events

Classes redefined (0 events):
No events

Internal exceptions (0 events):
No events

VM Operations (0 events):
No events

Events (0 events):
No events


Dynamic libraries:
0x00007ff6ba8c0000 - 0x00007ff6ba8ca000 	C:\Program Files\Android\Android Studio\jbr\bin\java.exe
0x00007ff9b9550000 - 0x00007ff9b9747000 	C:\Windows\SYSTEM32\ntdll.dll
0x00007ff9b9060000 - 0x00007ff9b911d000 	C:\Windows\System32\KERNEL32.DLL
0x00007ff9b6cf0000 - 0x00007ff9b6fe6000 	C:\Windows\System32\KERNELBASE.dll
0x00007ff9b7580000 - 0x00007ff9b762e000 	C:\Windows\System32\ADVAPI32.DLL
0x00007ff9b8fc0000 - 0x00007ff9b905e000 	C:\Windows\System32\msvcrt.dll
0x00007ff9b86a0000 - 0x00007ff9b873c000 	C:\Windows\System32\sechost.dll
0x00007ff9b7e80000 - 0x00007ff9b7fa6000 	C:\Windows\System32\RPCRT4.dll
0x00007ff9b7020000 - 0x00007ff9b7120000 	C:\Windows\System32\ucrtbase.dll
0x00007ff971450000 - 0x00007ff971467000 	C:\Program Files\Android\Android Studio\jbr\bin\jli.dll
0x00007ff9b83d0000 - 0x00007ff9b856e000 	C:\Windows\System32\USER32.dll
0x00007ff9b6ff0000 - 0x00007ff9b7012000 	C:\Windows\System32\win32u.dll
0x00007ff9b7fb0000 - 0x00007ff9b7fdc000 	C:\Windows\System32\GDI32.dll
0x00007ff9b73d0000 - 0x00007ff9b74ea000 	C:\Windows\System32\gdi32full.dll
0x00007ff9b7330000 - 0x00007ff9b73cd000 	C:\Windows\System32\msvcp_win.dll
0x00007ff975bb0000 - 0x00007ff975bcb000 	C:\Program Files\Android\Android Studio\jbr\bin\VCRUNTIME140.dll
0x00007ff99cfe0000 - 0x00007ff99d27a000 	C:\Windows\WinSxS\amd64_microsoft.windows.common-controls_6595b64144ccf1df_6.0.19041.3570_none_60bb2a3971f3e41a\COMCTL32.dll
0x00007ff9b94b0000 - 0x00007ff9b94e0000 	C:\Windows\System32\IMM32.DLL
0x0000000068000000 - 0x0000000068072000 	C:\Windows\System32\QIPCAP64.dll
0x00007ff9b8870000 - 0x00007ff9b8fb4000 	C:\Windows\System32\SHELL32.dll
0x00007ff9b6080000 - 0x00007ff9b614a000 	C:\Windows\SYSTEM32\DNSAPI.dll
0x00007ff9b6040000 - 0x00007ff9b607b000 	C:\Windows\SYSTEM32\IPHLPAPI.DLL
0x00007ff9b8040000 - 0x00007ff9b8048000 	C:\Windows\System32\NSI.dll
0x00007ff9af760000 - 0x00007ff9af76c000 	C:\Program Files\Android\Android Studio\jbr\bin\vcruntime140_1.dll
0x00007ff961fb0000 - 0x00007ff96203d000 	C:\Program Files\Android\Android Studio\jbr\bin\msvcp140.dll
0x00007ff95f570000 - 0x00007ff9601de000 	C:\Program Files\Android\Android Studio\jbr\bin\server\jvm.dll
0x00007ff99fed0000 - 0x00007ff99fed9000 	C:\Windows\SYSTEM32\WSOCK32.dll
0x00007ff9b8630000 - 0x00007ff9b869b000 	C:\Windows\System32\WS2_32.dll
0x00007ff9a8220000 - 0x00007ff9a8247000 	C:\Windows\SYSTEM32\WINMM.dll
0x00007ff9ac1a0000 - 0x00007ff9ac1aa000 	C:\Windows\SYSTEM32\VERSION.dll
0x00007ff9b5280000 - 0x00007ff9b5292000 	C:\Windows\SYSTEM32\kernel.appcore.dll
0x00007ff9a2d30000 - 0x00007ff9a2d3a000 	C:\Program Files\Android\Android Studio\jbr\bin\jimage.dll
0x00007ff9b5030000 - 0x00007ff9b5214000 	C:\Windows\SYSTEM32\DBGHELP.DLL
0x00007ff989b90000 - 0x00007ff989bc4000 	C:\Windows\SYSTEM32\dbgcore.DLL
0x00007ff9b74f0000 - 0x00007ff9b7572000 	C:\Windows\System32\bcryptPrimitives.dll
0x00007ff9744f0000 - 0x00007ff974515000 	C:\Program Files\Android\Android Studio\jbr\bin\java.dll

dbghelp: loaded successfully - version: 4.0.5 - missing functions: none
symbol engine: initialized successfully - sym options: 0x614 - pdb path: .;C:\Program Files\Android\Android Studio\jbr\bin;C:\Windows\SYSTEM32;C:\Windows\WinSxS\amd64_microsoft.windows.common-controls_6595b64144ccf1df_6.0.19041.3570_none_60bb2a3971f3e41a;C:\Program Files\Android\Android Studio\jbr\bin\server

VM Arguments:
java_command: git4idea.http.GitAskPassApp Username for 'https://github.com': 
java_class_path (initial): C:/Program Files/Android/Android Studio/plugins/vcs-git/lib/git4idea-rt.jar;C:/Program Files/Android/Android Studio/lib/externalProcess-rt.jar;C:/Program Files/Android/Android Studio/lib/app.jar;C:/Program Files/Android/Android Studio/lib/3rd-party-rt.jar
Launcher Type: SUN_STANDARD

[Global flags]
     intx CICompilerCount                          = 4                                         {product} {ergonomic}
     uint ConcGCThreads                            = 2                                         {product} {ergonomic}
     uint G1ConcRefinementThreads                  = 8                                         {product} {ergonomic}
   size_t G1HeapRegionSize                         = 2097152                                   {product} {ergonomic}
    uintx GCDrainStackTargetSize                   = 64                                        {product} {ergonomic}
   size_t InitialHeapSize                          = 264241152                                 {product} {ergonomic}
   size_t MarkStackSize                            = 4194304                                   {product} {ergonomic}
   size_t MaxHeapSize                              = 4204789760                                {product} {ergonomic}
   size_t MinHeapDeltaBytes                        = 2097152                                   {product} {ergonomic}
   size_t MinHeapSize                              = 8388608                                   {product} {ergonomic}
    uintx NonNMethodCodeHeapSize                   = 5839372                                {pd product} {ergonomic}
    uintx NonProfiledCodeHeapSize                  = 122909434                              {pd product} {ergonomic}
    uintx ProfiledCodeHeapSize                     = 122909434                              {pd product} {ergonomic}
    uintx ReservedCodeCacheSize                    = 251658240                              {pd product} {ergonomic}
     bool SegmentedCodeCache                       = true                                      {product} {ergonomic}
   size_t SoftMaxHeapSize                          = 4204789760                             {manageable} {ergonomic}
     bool UseCompressedClassPointers               = true                           {product lp64_product} {ergonomic}
     bool UseCompressedOops                        = true                           {product lp64_product} {ergonomic}
     bool UseG1GC                                  = true                                      {product} {ergonomic}
     bool UseLargePagesIndividualAllocation        = false                                  {pd product} {ergonomic}

Logging:
Log output configuration:
 #0: stdout all=warning uptime,level,tags
 #1: stderr all=off uptime,level,tags

Environment Variables:
JAVA_HOME=C:\Program Files (x86)\Java\jre7
PATH=C:/Users/alearkhipov/AppData/Local/Programs/Git/mingw64/libexec/git-core;C:/Users/alearkhipov/AppData/Local/Programs/Git/mingw64/libexec/git-core;C:\Users\alearkhipov\AppData\Local\Programs\Git\mingw64\bin;C:\Users\alearkhipov\AppData\Local\Programs\Git\usr\bin;C:\Users\alearkhipov\bin;C:\oracle\product\10.2.0\client_1\bin;C:\Windows\system32;C:\Windows;C:\Windows\System32\Wbem;C:\Windows\System32\WindowsPowerShell\v1.0\;C:\Windows\System32\OpenSSH\;C:\Program Files (x86)\Enterprise Vault\EVClient\;C:\Program Files\dotnet\;C:\Users\alearkhipov\AppData\Local\Microsoft\WindowsApps;C:\Users\alearkhipov\AppData\Local\Programs\Fiddler;C:\Users\alearkhipov\AppData\Local\Programs\Git\cmd;C:\Users\alearkhipov\AppData\Local\GitHubDesktop\bin
USERNAME=alearkhipov
DISPLAY=:0.0
LC_ALL=en_US.UTF-8
TERM=xterm-256color
TMPDIR=C:\Users\ALEARK~1\AppData\Local\Temp
OS=Windows_NT
PROCESSOR_IDENTIFIER=Intel64 Family 6 Model 140 Stepping 1, GenuineIntel
TMP=C:\Users\ALEARK~1\AppData\Local\Temp
TEMP=C:\Users\ALEARK~1\AppData\Local\Temp


JNI global refs:

[error occurred during error reporting (JNI global references), id 0xc0000005, EXCEPTION_ACCESS_VIOLATION (0xc0000005) at pc=0x00007ff95f627a10]


---------------  S Y S T E M  ---------------

OS:
 Windows 10 , 64 bit Build 19041 (10.0.19041.3570)
OS uptime: 7 days 6:14 hours

CPU: total 8 (initial active 8) (4 cores per cpu, 2 threads per core) family 6 model 140 stepping 1 microcode 0x9a, cx8, cmov, fxsr, ht, mmx, 3dnowpref, sse, sse2, sse3, ssse3, sse4.1, sse4.2, popcnt, lzcnt, tsc, tscinvbit, avx, avx2, aes, erms, clmul, bmi1, bmi2, adx, avx512f, avx512dq, avx512cd, avx512bw, avx512vl, sha, fma, vzeroupper, avx512_vpopcntdq, avx512_vpclmulqdq, avx512_vaes, avx512_vnni, clflush, clflushopt, clwb, avx512_vbmi2, avx512_vbmi

Memory: 4k page, system-wide physical 16039M (898M free)
TotalPageFile size 46497M (AvailPageFile size 5M)
current process WorkingSet (physical memory assigned to process): 11M, peak: 11M
current process commit charge ("private bytes"): 15M, peak: 16M

vm_info: OpenJDK 64-Bit Server VM (17.0.6+0-b2043.56-10027231) for windows-amd64 JRE (17.0.6+0-b2043.56-10027231), built on Apr 28 2023 00:43:19 by "androidbuild" with MS VC++ 16.10 / 16.11 (VS2019)

END.
